<?xml version="1.0" encoding="UTF-8"?>
<!-- Generated by org.testng.reporters.JUnitReportReporter -->
<testsuite hostname="LAPTOP-SHILPA" failures="0" tests="4" name="tests.HomePageTestDtPvd" time="26.526" errors="0" timestamp="2022-08-17T19:52:29 EDT" skipped="0">
  <testcase classname="tests.HomePageTestDtPvd" name="f" time="7.710"/>
  <system-out/>
  <testcase classname="tests.HomePageTestDtPvd" name="f" time="5.243"/>
  <system-out/>
  <testcase classname="tests.HomePageTestDtPvd" name="f" time="7.598"/>
  <system-out/>
  <testcase classname="tests.HomePageTestDtPvd" name="f" time="5.975"/>
  <system-out/>
</testsuite> <!-- tests.HomePageTestDtPvd -->
