<?xml version="1.0" encoding="UTF-8"?>
<!-- Generated by org.testng.reporters.JUnitReportReporter -->
<testsuite hostname="LAPTOP-SHILPA" failures="0" tests="2" name="tests.RegistrationTestDtPvd" time="14.555" errors="0" timestamp="2022-08-17T19:52:29 EDT" skipped="0">
  <testcase classname="tests.RegistrationTestDtPvd" name="flightReg" time="7.926"/>
  <system-out/>
  <testcase classname="tests.RegistrationTestDtPvd" name="flightReg" time="6.629"/>
  <system-out/>
</testsuite> <!-- tests.RegistrationTestDtPvd -->
